1531250434205	geckodriver	INFO	geckodriver 0.20.0
1531250434216	geckodriver	INFO	Listening on 127.0.0.1:52455
1531250437218	mozrunner::runner	INFO	Running command: "C:\\Program Files\\Mozilla Firefox\\firefox.exe" "-marionette" "-profile" "C:\\Users\\VINAYP~1\\AppData\\Local\\Temp\\rust_mozprofile.SnOw3EdkG9o5"
Unable to read VR Path Registry from C:\Users\Vinay Pulivarthi\AppData\Local\openvr\openvrpaths.vrpath
Unable to read VR Path Registry from C:\Users\Vinay Pulivarthi\AppData\Local\openvr\openvrpaths.vrpath
Unable to read VR Path Registry from C:\Users\Vinay Pulivarthi\AppData\Local\openvr\openvrpaths.vrpath
Unable to read VR Path Registry from C:\Users\Vinay Pulivarthi\AppData\Local\openvr\openvrpaths.vrpath
Unable to read VR Path Registry from C:\Users\Vinay Pulivarthi\AppData\Local\openvr\openvrpaths.vrpath
1531250439044	Marionette	INFO	Listening on port 52463
1531250439245	Marionette	WARN	TLS certificate errors will be ignored for this session
[Child 10076, Chrome_ChildThread] WARNING: pipe error: 109: file z:/build/build/src/ipc/chromium/src/chrome/common/ipc_channel_win.cc, line 346
[Child 21116, Chrome_ChildThread] WARNING: pipe error: 109: file z:/build/build/src/ipc/chromium/src/chrome/common/ipc_channel_win.cc, line 346
[Child 21116, Chrome[Parent 10008, Gecko_IOThread] WARNING: pipe error: 109: file z:/build/build/src/ipc/chromium/src/chrome/common/ipc_channel_win.cc, line 346
[Child 10880, Chrome_ChildThread] WARNING: pipe error: 109: file z:/build/build/src/ipc/chromium/src/chrome/common/ipc_channel_win.cc, line 346
[Child 10880, Chrome_Child*** UTM:SVC TimerManager:registerTimer called after profile-before-change notification. Ignoring timer registration for id: telemetry_modules_ping
[GPU 5736, Chrome_ChildThr
###!!! [Child][MessageChannel::SendAndWait] Error: Channel error: cannot send/recv

1531250508703	geckodriver	INFO	geckodriver 0.20.0
1531250508711	geckodriver	INFO	Listening on 127.0.0.1:52522
1531250511727	mozrunner::runner	INFO	Running command: "C:\\Program Files\\Mozilla Firefox\\firefox.exe" "-marionette" "-profile" "C:\\Users\\VINAYP~1\\AppData\\Local\\Temp\\rust_mozprofile.Xch9t9bqNrk7"
Unable to read VR Path Registry from C:\Users\Vinay Pulivarthi\AppData\Local\openvr\openvrpaths.vrpath
Unable to read VR Path Registry from C:\Users\Vinay Pulivarthi\AppData\Local\openvr\openvrpaths.vrpath
Unable to read VR Path Registry from C:\Users\Vinay Pulivarthi\AppData\Local\openvr\openvrpaths.vrpath
Unable to read VR Path Registry from C:\Users\Vinay Pulivarthi\AppData\Local\openvr\openvrpaths.vrpath
Unable to read VR Path Registry from C:\Users\Vinay Pulivarthi\AppData\Local\openvr\openvrpaths.vrpath
1531250513429	Marionette	INFO	Listening on port 52530
1531250513742	Marionette	WARN	TLS certificate errors will be ignored for this session
[Parent 872, Gecko_IOThread] WARNING: pipe error: 109: file z:/build/build/src/ipc/chromium/src/chrome/common/ipc_channel_win.cc, line 346
[Parent 872, Gecko_IOThread] WARNING: pipe error: 109: file z:/build/build/src/ipc/chromium/src/chrome/common/ipc_channel_win.cc, line 346
[Child 18728, Chrome_ChildThread] WARNING: pipe error: 109: file z:/build/build/src/ipc/chromium/src/chrome/common/ipc_channel_win.cc, line 346
[Child 18728, Chrome_ChildThread[Parent 872, Gecko_IOThread] WARNING: pipe error: 109: file z:/build/build/src/ipc/chromium/src/chrome/common/ipc_channel_win.cc, line 346
[Child 6976, Chrome_ChildThread] WARNING: pipe error: 109: file z:/build/build/src/ipc/chromium/src/chrome/common/ipc_channel_win.cc, line 346
[Child 6976, Chrome_ChildThread] WARNING: pipe[GPU 11356, Chrome_ChildThre
###!!! [Child][MessageChannel::SendAndWait] Error: Channel error: cannot send/recv

1531250727025	geckodriver	INFO	geckodriver 0.20.0
1531250727035	geckodriver	INFO	Listening on 127.0.0.1:52636
1531250730047	mozrunner::runner	INFO	Running command: "C:\\Program Files\\Mozilla Firefox\\firefox.exe" "-marionette" "-profile" "C:\\Users\\VINAYP~1\\AppData\\Local\\Temp\\rust_mozprofile.9HCwVrC2K9yU"
Unable to read VR Path Registry from C:\Users\Vinay Pulivarthi\AppData\Local\openvr\openvrpaths.vrpath
Unable to read VR Path Registry from C:\Users\Vinay Pulivarthi\AppData\Local\openvr\openvrpaths.vrpath
Unable to read VR Path Registry from C:\Users\Vinay Pulivarthi\AppData\Local\openvr\openvrpaths.vrpath
Unable to read VR Path Registry from C:\Users\Vinay Pulivarthi\AppData\Local\openvr\openvrpaths.vrpath
Unable to read VR Path Registry from C:\Users\Vinay Pulivarthi\AppData\Local\openvr\openvrpaths.vrpath
1531250731785	Marionette	INFO	Listening on port 52645
1531250732122	Marionette	WARN	TLS certificate errors will be ignored for this session
[Parent 15676, Gecko_IOThread] WARNING: pipe error: 109: file z:/build/build/src/ipc/chromium/src/chrome/common/ipc_channel_win.cc, line 346
[Child 10008, Chrome_ChildThread] WARNING: pipe error: 109: file z:/build/build/src/ipc/chromium/src/chrome/common/ipc_channel_win.cc, line 346[Child 114
32, Chrome_ChildThread] WARNING: pipe er[rChild 10008, Chromeor: 109: file z:/build/build/src/ipc/chromium/src/chrome/common/ipc_channel_win.cc, line 346
[Child 11432, Chrom*** UTM:SVC TimerManager:registerTimer called after profile-before-change notification. Ignoring timer registration for id: telemetry_modules_ping
[GPU 6136, Chrome_ChildThre
###!!! [Child][MessageChannel::SendAndWait] Error: Channel error: cannot send/recv

1531250797793	geckodriver	INFO	geckodriver 0.20.0
1531250797801	geckodriver	INFO	Listening on 127.0.0.1:52695
1531250800810	mozrunner::runner	INFO	Running command: "C:\\Program Files\\Mozilla Firefox\\firefox.exe" "-marionette" "-profile" "C:\\Users\\VINAYP~1\\AppData\\Local\\Temp\\rust_mozprofile.eXTWHZT5frNC"
Unable to read VR Path Registry from C:\Users\Vinay Pulivarthi\AppData\Local\openvr\openvrpaths.vrpath
Unable to read VR Path Registry from C:\Users\Vinay Pulivarthi\AppData\Local\openvr\openvrpaths.vrpath
Unable to read VR Path Registry from C:\Users\Vinay Pulivarthi\AppData\Local\openvr\openvrpaths.vrpath
Unable to read VR Path Registry from C:\Users\Vinay Pulivarthi\AppData\Local\openvr\openvrpaths.vrpath
Unable to read VR Path Registry from C:\Users\Vinay Pulivarthi\AppData\Local\openvr\openvrpaths.vrpath
1531250802470	Marionette	INFO	Listening on port 52703
1531250802828	Marionette	WARN	TLS certificate errors will be ignored for this session
[Child 6864, Chrome_ChildThread] WARNING:[Child 16372, Chrome_ChildThread] WARNING: pipe error: 109: file z:/build/build/src/ipc/chromium/src/ chrome/common/ipc_channel_win.cc, line 346
pipe error: 109: file z:/build/build/src/ipc/chromium/src/chrome/common/ipc_channel_win.cc, line 346
[Child 6864, Chrome_Ch[Parent 7152, Gecko_IOThread] WARNING: pipe error: 109: file z:/build/build/src/ipc/chromium/src/chrome/common/ipc_channel_win.cc, line 346
[Child 17944, Chrome_ChildThread] WARNING: pipe error: 109: file z:/build/build/src/ipc/chromium/src/chrome/common/ipc_channel_win.cc, line 346
[Child 17944, Chrome_C*** UTM:SVC TimerManager:registerTimer called after profile-before-change notification. Ignoring timer registration for id: telemetry_modules_ping
[GPU 20492, Chrome_ChildThread
###!!! [Child][MessageChannel::SendAndWait] Error: Channel error: cannot send/recv

1531251131734	geckodriver	INFO	geckodriver 0.20.0
1531251131742	geckodriver	INFO	Listening on 127.0.0.1:52783
1531251134750	mozrunner::runner	INFO	Running command: "C:\\Program Files\\Mozilla Firefox\\firefox.exe" "-marionette" "-profile" "C:\\Users\\VINAYP~1\\AppData\\Local\\Temp\\rust_mozprofile.slgbwl22rvoR"
Unable to read VR Path Registry from C:\Users\Vinay Pulivarthi\AppData\Local\openvr\openvrpaths.vrpath
Unable to read VR Path Registry from C:\Users\Vinay Pulivarthi\AppData\Local\openvr\openvrpaths.vrpath
Unable to read VR Path Registry from C:\Users\Vinay Pulivarthi\AppData\Local\openvr\openvrpaths.vrpath
Unable to read VR Path Registry from C:\Users\Vinay Pulivarthi\AppData\Local\openvr\openvrpaths.vrpath
Unable to read VR Path Registry from C:\Users\Vinay Pulivarthi\AppData\Local\openvr\openvrpaths.vrpath
1531251136428	Marionette	INFO	Listening on port 52791
1531251136760	Marionette	WARN	TLS certificate errors will be ignored for this session
[[Ch[Parent 9908, Gecko_IOThread] WARNING: pipe error: 109: file z:/build/build/src/ipc/chromium/src/chrome/common/ipc_channel_win.cc, line 346
*** UTM:SVC TimerManager:registerTimer called after profile-before-change notification. Ignoring timer registration for id: telemetry_modules_ping

###!!! [Child][MessageChannel::SendAndWait] Error: Channel error: cannot send/recv

1531251206591	geckodriver	INFO	geckodriver 0.20.0
1531251206599	geckodriver	INFO	Listening on 127.0.0.1:52845
1531251209628	mozrunner::runner	INFO	Running command: "C:\\Program Files\\Mozilla Firefox\\firefox.exe" "-marionette" "-profile" "C:\\Users\\VINAYP~1\\AppData\\Local\\Temp\\rust_mozprofile.wjbfjchOgmec"
Unable to read VR Path Registry from C:\Users\Vinay Pulivarthi\AppData\Local\openvr\openvrpaths.vrpath
Unable to read VR Path Registry from C:\Users\Vinay Pulivarthi\AppData\Local\openvr\openvrpaths.vrpath
Unable to read VR Path Registry from C:\Users\Vinay Pulivarthi\AppData\Local\openvr\openvrpaths.vrpath
Unable to read VR Path Registry from C:\Users\Vinay Pulivarthi\AppData\Local\openvr\openvrpaths.vrpath
Unable to read VR Path Registry from C:\Users\Vinay Pulivarthi\AppData\Local\openvr\openvrpaths.vrpath
1531251211182	Marionette	INFO	Listening on port 52853
1531251211634	Marionette	WARN	TLS certificate errors will be ignored for this session
[Child 21356, Chrome_ChildThread] WARNING: pipe error: 232: file z:/build/build/src/ipc/chromium/src/chrome/common/ipc_channel_win.cc, line 513
[Child 21356, Chrome_ChildThread] WARNING: pipe error: 109: file z:/build/build/src/ipc/chromium/src/chrome/common/ipc_channel_win.cc, line 346
[Child 18636, Chrome_ChildThread] WARNING: pipe error: [Child 21356, Chrom109: file z:/build/build/src/ipc/chromium/src/chrome/common/ipc_channel_win.cc, line 346
[Child 18636, Chrome_ChildT[Parent 13788, Gecko_IOThread] WARNING: pipe error: 109: file z:/build/build/src/ipc/chromium/src/chrome/common/ipc_channel_win.cc, line 346
*** UTM:SVC TimerManager:registerTimer called after profile-before-change notification. Ignoring timer registration for id: telemetry_modules_ping
[GPU 21808, Chrome_ChildThread] WARNING: pi
###!!! [Child][MessageChannel::SendAndWait] Error: Channel error: cannot send/recv

1531251731704	geckodriver	INFO	geckodriver 0.20.0
1531251731712	geckodriver	INFO	Listening on 127.0.0.1:52986
1531251734722	mozrunner::runner	INFO	Running command: "C:\\Program Files\\Mozilla Firefox\\firefox.exe" "-marionette" "-profile" "C:\\Users\\VINAYP~1\\AppData\\Local\\Temp\\rust_mozprofile.WiXoQAKFJKXm"
Unable to read VR Path Registry from C:\Users\Vinay Pulivarthi\AppData\Local\openvr\openvrpaths.vrpath
Unable to read VR Path Registry from C:\Users\Vinay Pulivarthi\AppData\Local\openvr\openvrpaths.vrpath
Unable to read VR Path Registry from C:\Users\Vinay Pulivarthi\AppData\Local\openvr\openvrpaths.vrpath
Unable to read VR Path Registry from C:\Users\Vinay Pulivarthi\AppData\Local\openvr\openvrpaths.vrpath
Unable to read VR Path Registry from C:\Users\Vinay Pulivarthi\AppData\Local\openvr\openvrpaths.vrpath
1531251736530	Marionette	INFO	Listening on port 52995
1531251736728	Marionette	WARN	TLS certificate errors will be ignored for this session
[Parent 21588, Gecko_IOThread] WARNING: pipe error: 109: file z:/build/build/src/ipc/chromium/src/chrome/common/ipc_channel_win.cc, line 346
[Parent 21588, Gecko_IOThread] WARNING: pipe error: 109: file z:/build/build/src/ipc/chromium/src/chrome/common/ipc_channel_win.cc, line 346

###!!! [Child][MessageChannel] Error: (msgtype=0x49000D,name=PHttpChannel::Msg_RemoveCorsPreflightCacheEntry) Channel closing: too late to send/recv, messages will be lost


###!!! [Child][MessageChannel] Error: (msgtype=0x490006,name=PHttpChannel::Msg_Cancel) Channel closing: too late to send/recv, messages will be lost


###!!! [Child][MessageChannel] Error: (msgtype=0x49000E,name=PHttpChannel::Msg_DeletingChannel) Channel closing: too late to send/recv, messages will be lost


###!!! [Child][MessageChannel] Error: (msgtype=0x49000E,name=PHttpChannel::Msg_DeletingChannel) Channel closing: too late to send/recv, messages will be lost


###!!! [Child][MessageChannel] Error: (msgtype=0x2D00B0,name=PContent::Msg_ScriptError) Channel closing: too late to send/recv, messages will be lost

[Child 2384, Chrome_ChildThr[Child 18676, Chrome_ChildThread] WARNING: pipe error: 109: file z:/build/build/src/ipc/chromium/src/chrome/common/ipc_channel_win.cc, line 346
[Child 18676, Chrome_C[Child 21792, Chrome_ChildThread] WARNING: pipe error: 109: file z:/build/build/src/ipc/chromium/src/chrome/common/ipc_channel_win.cc, line 346
[Child 21792, Chrome_Child[GPU 20796, Chrome_ChildThread] 
###!!! [Child][MessageChannel::SendAndWait] Error: Channel error: cannot send/recv

8	geckodriver	INFO	Listening on 127.0.0.1:53134
1531252305506	mozrunner::runner	INFO	Running command: "C:\\Program Files\\Mozilla Firefox\\firefox.exe" "-marionette" "-profile" "C:\\Users\\VINAYP~1\\AppData\\Local\\Temp\\rust_mozprofile.eMdyvNxqfEvf"
Unable to read VR Path Registry from C:\Users\Vinay Pulivarthi\AppData\Local\openvr\openvrpaths.vrpath
Unable to read VR Path Registry from C:\Users\Vinay Pulivarthi\AppData\Local\openvr\openvrpaths.vrpath
Unable to read VR Path Registry from C:\Users\Vinay Pulivarthi\AppData\Local\openvr\openvrpaths.vrpath
Unable to read VR Path Registry from C:\Users\Vinay Pulivarthi\AppData\Local\openvr\openvrpaths.vrpath
Unable to read VR Path Registry from C:\Users\Vinay Pulivarthi\AppData\Local\openvr\openvrpaths.vrpath
1531252307219	Marionette	INFO	Listening on port 53142
1531252307526	Marionette	WARN	TLS certificate errors will be ignored for this session
[Parent 11432, Gecko_IOThread] WARNING: pipe error: 109: file z:/build/build/src/ipc/chromium/src/chrome/common/ipc_channel_win.cc, line 346
[Parent 11432, Gecko_IOThread] WARNING: pipe error: 109: file z:/build/build/src/ipc/chromium/src/chrome/common/ipc_channel_win.cc, line 346
[Child 18348, Chrome_ChildThread] WARNING: pipe error: 109: file z:/build/build/src/ipc/chromium/src/chrome/common/ipc_channel_win.cc, line 346[
Child 1584, Chrome_ChildTh[Chiread] WARNING: pipe error: 109: file z:/build/build/src/ipc/chromium/src/chrome/common/ipc_channel_win.cc, line 346
[Child 1584, Chrome_ChildT[Parent 11432, Gecko_IOThread] WARNING: pipe error: 109: file z:/build/build/src/ipc/chromium/src/chrome/common/ipc_channel_win.cc, line 346
*** UTM:SVC TimerManager:registerTimer called after profile-before-change notification. Ignoring timer registration for id: telemetry_modules_ping
[GPU 16024, Chro
###!!! [Child][MessageChannel::SendAndWait] Error: Channel error: cannot send/recv

1531252322172	geckodriver	INFO	geckodriver 0.20.0
1531252322180	geckodriver	INFO	Listening on 127.0.0.1:53162
1531252325189	mozrunner::runner	INFO	Running command: "C:\\Program Files\\Mozilla Firefox\\firefox.exe" "-marionette" "-profile" "C:\\Users\\VINAYP~1\\AppData\\Local\\Temp\\rust_mozprofile.ux03dnYaNwiR"
Unable to read VR Path Registry from C:\Users\Vinay Pulivarthi\AppData\Local\openvr\openvrpaths.vrpath
Unable to read VR Path Registry from C:\Users\Vinay Pulivarthi\AppData\Local\openvr\openvrpaths.vrpath
Unable to read VR Path Registry from C:\Users\Vinay Pulivarthi\AppData\Local\openvr\openvrpaths.vrpath
Unable to read VR Path Registry from C:\Users\Vinay Pulivarthi\AppData\Local\openvr\openvrpaths.vrpath
Unable to read VR Path Registry from C:\Users\Vinay Pulivarthi\AppData\Local\openvr\openvrpaths.vrpath
1531252326672	Marionette	INFO	Listening on port 53170
1531252326728	Marionette	WARN	TLS certificate errors will be ignored for this session
[Parent 10284, Gecko_IOThread] WARNING: pipe error: 109: file z:/build/build/src/ipc/chromium/src/chrome/common/ipc_channel_win.cc, line 346
[Parent 10284, Gecko_IOThread] WARNING: pipe error: 109: file z:/build/build/src/ipc/chromium/src/chrome/common/ipc_channel_win.cc, line 346

###!!! [Child][MessageChannel] Error: (msgtype=0x49000E,name=PHttpChannel::Msg_DeletingChannel) Channel closing: too late to send/recv, messages will be lost

[Child 1288, Chrome_ChildThread] WARNING: [Child 18336, Chrome_ChildThread] WARNING: pipe error: 109: file z:/build/build/src/ipc/chromium/src/chrome/common/ipc_channel_win.cc, line 346
[Child 18336, Chrome_[Parent 10284, Gecko_IOThread] WARNING: pipe error: 109: file z:/build/build/src/ipc/chromium/src/chrome/common/ipc_channel_win.cc, line 346
[Chi*** UTM:SVC TimerManager:registerTimer called after profile-before-change notification. Ignoring timer registration for id: telemetry_modules_ping
[GPU 7812, Chrome_ChildThread] W
###!!! [Child][MessageChannel::SendAndWait] Error: Channel error: cannot send/recv

1531252364484	geckodriver	INFO	geckodriver 0.20.0
1531252364492	geckodriver	INFO	Listening on 127.0.0.1:53221
1531252367504	mozrunner::runner	INFO	Running command: "C:\\Program Files\\Mozilla Firefox\\firefox.exe" "-marionette" "-profile" "C:\\Users\\VINAYP~1\\AppData\\Local\\Temp\\rust_mozprofile.IHv3l5kLfAYx"
Unable to read VR Path Registry from C:\Users\Vinay Pulivarthi\AppData\Local\openvr\openvrpaths.vrpath
Unable to read VR Path Registry from C:\Users\Vinay Pulivarthi\AppData\Local\openvr\openvrpaths.vrpath
Unable to read VR Path Registry from C:\Users\Vinay Pulivarthi\AppData\Local\openvr\openvrpaths.vrpath
Unable to read VR Path Registry from C:\Users\Vinay Pulivarthi\AppData\Local\openvr\openvrpaths.vrpath
Unable to read VR Path Registry from C:\Users\Vinay Pulivarthi\AppData\Local\openvr\openvrpaths.vrpath
1531252369109	Marionette	INFO	Listening on port 53229
1531252369518	Marionette	WARN	TLS certificate errors will be ignored for this session
[Parent 22020, Gecko_IOThread] WARNING: pipe error: 109: file z:/build/build/src/ipc/chromium/src/chrome/common/ipc_channel_win.cc, line 346
[Parent 22020, Gecko_IOThread] WARNING: pipe error: 109: file z:/build/build/src/ipc/chromium/src/chrome/common/ipc_channel_win.cc, line 346
[Child 6472, Chrome_ChildThread] WARNING: pipe error: 109: file z:/build/build/src/ipc/chromium/src/chrome/common/ipc_channel_win.cc, line 346
[Child 6472, Chrome_[*** UTM:SVC TimerManager:registerTimer called after profile-before-change notification. Ignoring timer registration for id: telemetry_modules_ping
[GPU 20724, Chrome_Child
###!!! [Child][MessageChannel::SendAndWait] Error: Channel error: cannot send/recv

1531252521519	geckodriver	INFO	geckodriver 0.20.0
1531252521526	geckodriver	INFO	Listening on 127.0.0.1:53277
1531252524540	mozrunner::runner	INFO	Running command: "C:\\Program Files\\Mozilla Firefox\\firefox.exe" "-marionette" "-profile" "C:\\Users\\VINAYP~1\\AppData\\Local\\Temp\\rust_mozprofile.Q8R6Oylfi1LL"
Unable to read VR Path Registry from C:\Users\Vinay Pulivarthi\AppData\Local\openvr\openvrpaths.vrpath
Unable to read VR Path Registry from C:\Users\Vinay Pulivarthi\AppData\Local\openvr\openvrpaths.vrpath
Unable to read VR Path Registry from C:\Users\Vinay Pulivarthi\AppData\Local\openvr\openvrpaths.vrpath
Unable to read VR Path Registry from C:\Users\Vinay Pulivarthi\AppData\Local\openvr\openvrpaths.vrpath
Unable to read VR Path Registry from C:\Users\Vinay Pulivarthi\AppData\Local\openvr\openvrpaths.vrpath
1531252526081	Marionette	INFO	Listening on port 53285
1531252526549	Marionette	WARN	TLS certificate errors will be ignored for this session
[Child 19264, Chrome_ChildThread] WARNING: pipe error: 109: file z:/build/build/src/ipc/chromium/src/chrome/common/ipc_channel_win.cc, line 346
[Child 19264, Chrome_ChildT[Child 15280, Chrome_ChildThread] WARNING: pipe error: 109: file z:/build/build/src/ipc/chromium/src/chrome/common/ipc_channel_win.cc, line 346
[Child 15280, Chrome_Chi[Parent 10020, Gecko_IOThread] WARNING: pipe error: 109: file z:/build/build/src/ipc/chromium/src/chrome/common/ipc_channel_win.cc, line 346
[Child 13168, Chrome_ChildThread] WARNING: pipe error: 109: file z:/build/build/src/ipc/chromium/src/chrome/common/ipc_channel_win.cc, line 346
[Child 13168, Chrome_ChildThrea*** UTM:SVC TimerManager:registerTimer called after profile-before-change notification. Ignoring timer registration for id: telemetry_modules_ping
[GPU 10480, Chrome_ChildThread] WA
###!!! [Child][MessageChannel::SendAndWait] Error: Channel error: cannot send/recv

1531252536052	geckodriver	INFO	geckodriver 0.20.0
1531252536064	geckodriver	INFO	Listening on 127.0.0.1:53308
1531252539095	mozrunner::runner	INFO	Running command: "C:\\Program Files\\Mozilla Firefox\\firefox.exe" "-marionette" "-profile" "C:\\Users\\VINAYP~1\\AppData\\Local\\Temp\\rust_mozprofile.ouUU2d6HvL2a"
Unable to read VR Path Registry from C:\Users\Vinay Pulivarthi\AppData\Local\openvr\openvrpaths.vrpath
Unable to read VR Path Registry from C:\Users\Vinay Pulivarthi\AppData\Local\openvr\openvrpaths.vrpath
Unable to read VR Path Registry from C:\Users\Vinay Pulivarthi\AppData\Local\openvr\openvrpaths.vrpath
Unable to read VR Path Registry from C:\Users\Vinay Pulivarthi\AppData\Local\openvr\openvrpaths.vrpath
Unable to read VR Path Registry from C:\Users\Vinay Pulivarthi\AppData\Local\openvr\openvrpaths.vrpath
1531252540599	Marionette	INFO	Listening on port 53316
1531252540617	Marionette	WARN	TLS certificate errors will be ignored for this session
[Parent 20156, Gecko_IOThread] WARNING: pipe error: 109: file z:/build/build/src/ipc/chromium/src/chrome/common/ipc_channel_win.cc, line 346
[Parent 20156, Gecko_IOThread] WARNING: pipe error: 109: file z:/build/build/src/ipc/chromium/src/chrome/common/ipc_channel_win.cc, line 346
[Child 7408, Chrome_ChildThread] WARNING: pipe error: 109: file z:/build/build/src/ipc/chromium/src/chrome/common/ipc_channel_win.cc, line 346
[Child 7408, Chrome_ChildTh[Parent 20156, Gecko_IOThread] WARNING: pipe error: 109: file z:/build/build/src/ipc/chromium/src/chrome/common/ipc_channel_win.cc, line 346
[Child 22144, Chrome_ChildThread] WARNING: pipe error: 109: file z:/build/build/src/ipc/chromium/src/chrome/common/ipc_channel_win.cc, line 346
[Child 22144, Chrome_Chi[GPU 17808, Chrome_ChildThread] WA
###!!! [Child][MessageChannel::SendAndWait] Error: Channel error: cannot send/recv

1531252621988	geckodriver	INFO	geckodriver 0.20.0
1531252621996	geckodriver	INFO	Listening on 127.0.0.1:53376
1531252625006	mozrunner::runner	INFO	Running command: "C:\\Program Files\\Mozilla Firefox\\firefox.exe" "-marionette" "-profile" "C:\\Users\\VINAYP~1\\AppData\\Local\\Temp\\rust_mozprofile.EEdGQlXuAmcn"
Unable to read VR Path Registry from C:\Users\Vinay Pulivarthi\AppData\Local\openvr\openvrpaths.vrpath
Unable to read VR Path Registry from C:\Users\Vinay Pulivarthi\AppData\Local\openvr\openvrpaths.vrpath
Unable to read VR Path Registry from C:\Users\Vinay Pulivarthi\AppData\Local\openvr\openvrpaths.vrpath
Unable to read VR Path Registry from C:\Users\Vinay Pulivarthi\AppData\Local\openvr\openvrpaths.vrpath
Unable to read VR Path Registry from C:\Users\Vinay Pulivarthi\AppData\Local\openvr\openvrpaths.vrpath
1531252626528	Marionette	INFO	Listening on port 53384
1531252627020	Marionette	WARN	TLS certificate errors will be ignored for this session
[Parent 8460, Gecko_IOThread] WARNING: pipe error: 109: file z:/build/build/src/ipc/chromium/src/chrome/common/ipc_channel_win.cc, line 346
[Parent 8460, Gecko_IOThread] WARNING: pipe error: 109: file z:/build/build/src/ipc/chromium/src/chrome/common/ipc_channel_win.cc, line 346
[Child 12124, Chrome_ChildThread] WARNING: pipe error: 109: file z:/build/build/src/ipc/chromium/src/chrome/common/ipc_channel_win.cc, line 346
[Child 12124, Chrome_ChildThr[Child 4260, Chrome_ChildThread] WARNING: pipe error: 109: file z:/build/build/src/ipc/chromium/src/chrome/common/ipc_channel_win.cc, line 346
[Child 4260, Chrome_Chil[Parent 8460, Gecko_IOThread] WARNING: pipe error: 109: file z:/build/build/src/ipc/chromium/src/chrome/common/ipc_channel_win.cc, line 346
[GPU 13636, Chrome_ChildThr
###!!! [Child][MessageChannel::SendAndWait] Error: Channel error: cannot send/recv

